{"/Users/zjy/Desktop/RIDT/Product/src/App.js": {"path":"/Users/zjy/Desktop/RIDT/Product/src/App.js","statementMap":{"0":{"start":{"line":12,"column":4},"end":{"line":12,"column":17}},"1":{"start":{"line":14,"column":4},"end":{"line":16,"column":5}},"2":{"start":{"line":25,"column":4},"end":{"line":40,"column":6}}},"fnMap":{"0":{"name":"(anonymous_0)","decl":{"start":{"line":11,"column":2},"end":{"line":11,"column":3}},"loc":{"start":{"line":11,"column":21},"end":{"line":18,"column":3}},"line":11},"1":{"name":"(anonymous_1)","decl":{"start":{"line":22,"column":2},"end":{"line":22,"column":3}},"loc":{"start":{"line":22,"column":11},"end":{"line":41,"column":3}},"line":22}},"branchMap":{},"s":{"0":1,"1":1,"2":1},"f":{"0":1,"1":1},"b":{},"_coverageSchema":"43e27e138ebf9cfc5966b082cf9a028302ed4184","hash":"636873ca12dd64465f4e30b8998671aad97608f9"}
,"/Users/zjy/Desktop/RIDT/Product/src/static/Dashboard.js": {"path":"/Users/zjy/Desktop/RIDT/Product/src/static/Dashboard.js","statementMap":{"0":{"start":{"line":12,"column":4},"end":{"line":12,"column":17}},"1":{"start":{"line":13,"column":4},"end":{"line":13,"column":88}},"2":{"start":{"line":14,"column":4},"end":{"line":14,"column":39}},"3":{"start":{"line":18,"column":4},"end":{"line":18,"column":39}},"4":{"start":{"line":19,"column":4},"end":{"line":19,"column":90}},"5":{"start":{"line":23,"column":4},"end":{"line":23,"column":42}},"6":{"start":{"line":24,"column":4},"end":{"line":24,"column":90}},"7":{"start":{"line":28,"column":4},"end":{"line":28,"column":39}},"8":{"start":{"line":29,"column":4},"end":{"line":29,"column":90}},"9":{"start":{"line":33,"column":4},"end":{"line":33,"column":40}},"10":{"start":{"line":37,"column":4},"end":{"line":80,"column":6}}},"fnMap":{"0":{"name":"(anonymous_0)","decl":{"start":{"line":11,"column":2},"end":{"line":11,"column":3}},"loc":{"start":{"line":11,"column":21},"end":{"line":15,"column":3}},"line":11},"1":{"name":"(anonymous_1)","decl":{"start":{"line":17,"column":2},"end":{"line":17,"column":3}},"loc":{"start":{"line":17,"column":16},"end":{"line":20,"column":3}},"line":17},"2":{"name":"(anonymous_2)","decl":{"start":{"line":22,"column":2},"end":{"line":22,"column":3}},"loc":{"start":{"line":22,"column":18},"end":{"line":25,"column":3}},"line":22},"3":{"name":"(anonymous_3)","decl":{"start":{"line":27,"column":2},"end":{"line":27,"column":3}},"loc":{"start":{"line":27,"column":16},"end":{"line":30,"column":3}},"line":27},"4":{"name":"(anonymous_4)","decl":{"start":{"line":32,"column":2},"end":{"line":32,"column":3}},"loc":{"start":{"line":32,"column":10},"end":{"line":34,"column":3}},"line":32},"5":{"name":"(anonymous_5)","decl":{"start":{"line":36,"column":2},"end":{"line":36,"column":3}},"loc":{"start":{"line":36,"column":11},"end":{"line":81,"column":3}},"line":36}},"branchMap":{"0":{"loc":{"start":{"line":49,"column":31},"end":{"line":51,"column":18}},"type":"cond-expr","locations":[{"start":{"line":50,"column":16},"end":{"line":50,"column":37}},{"start":{"line":51,"column":16},"end":{"line":51,"column":18}}],"line":49},"1":{"loc":{"start":{"line":55,"column":31},"end":{"line":57,"column":18}},"type":"cond-expr","locations":[{"start":{"line":56,"column":16},"end":{"line":56,"column":37}},{"start":{"line":57,"column":16},"end":{"line":57,"column":18}}],"line":55},"2":{"loc":{"start":{"line":61,"column":31},"end":{"line":63,"column":18}},"type":"cond-expr","locations":[{"start":{"line":62,"column":16},"end":{"line":62,"column":37}},{"start":{"line":63,"column":16},"end":{"line":63,"column":18}}],"line":61},"3":{"loc":{"start":{"line":73,"column":9},"end":{"line":73,"column":49}},"type":"binary-expr","locations":[{"start":{"line":73,"column":9},"end":{"line":73,"column":33}},{"start":{"line":73,"column":37},"end":{"line":73,"column":49}}],"line":73},"4":{"loc":{"start":{"line":75,"column":9},"end":{"line":75,"column":54}},"type":"binary-expr","locations":[{"start":{"line":75,"column":9},"end":{"line":75,"column":36}},{"start":{"line":75,"column":40},"end":{"line":75,"column":54}}],"line":75},"5":{"loc":{"start":{"line":77,"column":9},"end":{"line":77,"column":49}},"type":"binary-expr","locations":[{"start":{"line":77,"column":9},"end":{"line":77,"column":33}},{"start":{"line":77,"column":37},"end":{"line":77,"column":49}}],"line":77}},"s":{"0":0,"1":0,"2":0,"3":0,"4":0,"5":0,"6":0,"7":0,"8":0,"9":0,"10":0},"f":{"0":0,"1":0,"2":0,"3":0,"4":0,"5":0},"b":{"0":[0,0],"1":[0,0],"2":[0,0],"3":[0,0],"4":[0,0],"5":[0,0]},"_coverageSchema":"43e27e138ebf9cfc5966b082cf9a028302ed4184","hash":"e364fee57cf13603d46a707151e6b3609b78e683"}
,"/Users/zjy/Desktop/RIDT/Product/src/static/LineChart.js": {"path":"/Users/zjy/Desktop/RIDT/Product/src/static/LineChart.js","statementMap":{"0":{"start":{"line":9,"column":4},"end":{"line":9,"column":17}},"1":{"start":{"line":11,"column":4},"end":{"line":108,"column":5}},"2":{"start":{"line":112,"column":12},"end":{"line":112,"column":13}},"3":{"start":{"line":113,"column":17},"end":{"line":113,"column":19}},"4":{"start":{"line":114,"column":4},"end":{"line":120,"column":5}},"5":{"start":{"line":115,"column":14},"end":{"line":115,"column":21}},"6":{"start":{"line":116,"column":14},"end":{"line":116,"column":84}},"7":{"start":{"line":117,"column":6},"end":{"line":117,"column":26}},"8":{"start":{"line":118,"column":6},"end":{"line":118,"column":30}},"9":{"start":{"line":119,"column":6},"end":{"line":119,"column":10}},"10":{"start":{"line":122,"column":4},"end":{"line":122,"column":18}},"11":{"start":{"line":126,"column":4},"end":{"line":139,"column":6}}},"fnMap":{"0":{"name":"(anonymous_0)","decl":{"start":{"line":8,"column":2},"end":{"line":8,"column":3}},"loc":{"start":{"line":8,"column":21},"end":{"line":109,"column":3}},"line":8},"1":{"name":"(anonymous_1)","decl":{"start":{"line":111,"column":2},"end":{"line":111,"column":3}},"loc":{"start":{"line":111,"column":52},"end":{"line":123,"column":3}},"line":111},"2":{"name":"(anonymous_2)","decl":{"start":{"line":125,"column":2},"end":{"line":125,"column":3}},"loc":{"start":{"line":125,"column":11},"end":{"line":140,"column":3}},"line":125}},"branchMap":{},"s":{"0":2,"1":2,"2":3,"3":3,"4":3,"5":144,"6":144,"7":144,"8":144,"9":144,"10":3,"11":2},"f":{"0":2,"1":3,"2":2},"b":{},"_coverageSchema":"43e27e138ebf9cfc5966b082cf9a028302ed4184","hash":"0f7991731794695e51986eeb98142743ef15bf3c"}
,"/Users/zjy/Desktop/RIDT/Product/src/static/Login.js": {"path":"/Users/zjy/Desktop/RIDT/Product/src/static/Login.js","statementMap":{"0":{"start":{"line":13,"column":8},"end":{"line":13,"column":21}},"1":{"start":{"line":14,"column":8},"end":{"line":14,"column":83}},"2":{"start":{"line":21,"column":8},"end":{"line":21,"column":88}},"3":{"start":{"line":21,"column":38},"end":{"line":21,"column":85}},"4":{"start":{"line":25,"column":8},"end":{"line":33,"column":11}},"5":{"start":{"line":26,"column":25},"end":{"line":26,"column":27}},"6":{"start":{"line":27,"column":12},"end":{"line":31,"column":13}},"7":{"start":{"line":28,"column":16},"end":{"line":30,"column":17}},"8":{"start":{"line":29,"column":20},"end":{"line":29,"column":37}},"9":{"start":{"line":32,"column":12},"end":{"line":32,"column":38}},"10":{"start":{"line":37,"column":8},"end":{"line":37,"column":51}},"11":{"start":{"line":38,"column":8},"end":{"line":38,"column":43}},"12":{"start":{"line":39,"column":8},"end":{"line":39,"column":41}},"13":{"start":{"line":41,"column":8},"end":{"line":44,"column":9}},"14":{"start":{"line":42,"column":12},"end":{"line":42,"column":92}},"15":{"start":{"line":43,"column":12},"end":{"line":43,"column":70}},"16":{"start":{"line":48,"column":8},"end":{"line":48,"column":51}},"17":{"start":{"line":49,"column":8},"end":{"line":49,"column":43}},"18":{"start":{"line":50,"column":8},"end":{"line":50,"column":41}},"19":{"start":{"line":51,"column":8},"end":{"line":54,"column":9}},"20":{"start":{"line":52,"column":12},"end":{"line":52,"column":86}},"21":{"start":{"line":53,"column":12},"end":{"line":53,"column":64}},"22":{"start":{"line":61,"column":8},"end":{"line":65,"column":9}},"23":{"start":{"line":62,"column":12},"end":{"line":62,"column":56}},"24":{"start":{"line":63,"column":12},"end":{"line":63,"column":56}},"25":{"start":{"line":64,"column":12},"end":{"line":64,"column":44}},"26":{"start":{"line":66,"column":8},"end":{"line":73,"column":9}},"27":{"start":{"line":67,"column":12},"end":{"line":67,"column":48}},"28":{"start":{"line":68,"column":12},"end":{"line":68,"column":42}},"29":{"start":{"line":69,"column":12},"end":{"line":69,"column":46}},"30":{"start":{"line":70,"column":15},"end":{"line":73,"column":9}},"31":{"start":{"line":71,"column":12},"end":{"line":71,"column":81}},"32":{"start":{"line":72,"column":12},"end":{"line":72,"column":62}},"33":{"start":{"line":79,"column":23},"end":{"line":79,"column":27}},"34":{"start":{"line":80,"column":25},"end":{"line":80,"column":29}},"35":{"start":{"line":81,"column":25},"end":{"line":81,"column":29}},"36":{"start":{"line":83,"column":8},"end":{"line":95,"column":9}},"37":{"start":{"line":85,"column":12},"end":{"line":87,"column":13}},"38":{"start":{"line":86,"column":16},"end":{"line":86,"column":37}},"39":{"start":{"line":88,"column":12},"end":{"line":90,"column":13}},"40":{"start":{"line":89,"column":16},"end":{"line":89,"column":37}},"41":{"start":{"line":91,"column":12},"end":{"line":93,"column":13}},"42":{"start":{"line":92,"column":16},"end":{"line":92,"column":35}},"43":{"start":{"line":96,"column":8},"end":{"line":99,"column":9}},"44":{"start":{"line":97,"column":12},"end":{"line":97,"column":49}},"45":{"start":{"line":98,"column":12},"end":{"line":98,"column":48}},"46":{"start":{"line":101,"column":8},"end":{"line":153,"column":10}}},"fnMap":{"0":{"name":"(anonymous_0)","decl":{"start":{"line":11,"column":4},"end":{"line":11,"column":5}},"loc":{"start":{"line":11,"column":23},"end":{"line":16,"column":5}},"line":11},"1":{"name":"(anonymous_1)","decl":{"start":{"line":20,"column":4},"end":{"line":20,"column":5}},"loc":{"start":{"line":20,"column":32},"end":{"line":22,"column":5}},"line":20},"2":{"name":"(anonymous_2)","decl":{"start":{"line":21,"column":22},"end":{"line":21,"column":23}},"loc":{"start":{"line":21,"column":38},"end":{"line":21,"column":85}},"line":21},"3":{"name":"(anonymous_3)","decl":{"start":{"line":24,"column":4},"end":{"line":24,"column":5}},"loc":{"start":{"line":24,"column":28},"end":{"line":34,"column":5}},"line":24},"4":{"name":"(anonymous_4)","decl":{"start":{"line":25,"column":22},"end":{"line":25,"column":23}},"loc":{"start":{"line":25,"column":37},"end":{"line":33,"column":9}},"line":25},"5":{"name":"(anonymous_5)","decl":{"start":{"line":36,"column":4},"end":{"line":36,"column":5}},"loc":{"start":{"line":36,"column":25},"end":{"line":45,"column":5}},"line":36},"6":{"name":"(anonymous_6)","decl":{"start":{"line":47,"column":4},"end":{"line":47,"column":5}},"loc":{"start":{"line":47,"column":25},"end":{"line":55,"column":5}},"line":47},"7":{"name":"(anonymous_7)","decl":{"start":{"line":59,"column":4},"end":{"line":59,"column":5}},"loc":{"start":{"line":59,"column":19},"end":{"line":74,"column":5}},"line":59},"8":{"name":"(anonymous_8)","decl":{"start":{"line":77,"column":4},"end":{"line":77,"column":5}},"loc":{"start":{"line":77,"column":13},"end":{"line":154,"column":5}},"line":77}},"branchMap":{"0":{"loc":{"start":{"line":28,"column":16},"end":{"line":30,"column":17}},"type":"if","locations":[{"start":{"line":28,"column":16},"end":{"line":30,"column":17}},{"start":{"line":28,"column":16},"end":{"line":30,"column":17}}],"line":28},"1":{"loc":{"start":{"line":41,"column":8},"end":{"line":44,"column":9}},"type":"if","locations":[{"start":{"line":41,"column":8},"end":{"line":44,"column":9}},{"start":{"line":41,"column":8},"end":{"line":44,"column":9}}],"line":41},"2":{"loc":{"start":{"line":41,"column":12},"end":{"line":41,"column":104}},"type":"binary-expr","locations":[{"start":{"line":41,"column":12},"end":{"line":41,"column":73}},{"start":{"line":41,"column":77},"end":{"line":41,"column":104}}],"line":41},"3":{"loc":{"start":{"line":51,"column":8},"end":{"line":54,"column":9}},"type":"if","locations":[{"start":{"line":51,"column":8},"end":{"line":54,"column":9}},{"start":{"line":51,"column":8},"end":{"line":54,"column":9}}],"line":51},"4":{"loc":{"start":{"line":51,"column":12},"end":{"line":51,"column":68}},"type":"binary-expr","locations":[{"start":{"line":51,"column":12},"end":{"line":51,"column":37}},{"start":{"line":51,"column":41},"end":{"line":51,"column":68}}],"line":51},"5":{"loc":{"start":{"line":61,"column":8},"end":{"line":65,"column":9}},"type":"if","locations":[{"start":{"line":61,"column":8},"end":{"line":65,"column":9}},{"start":{"line":61,"column":8},"end":{"line":65,"column":9}}],"line":61},"6":{"loc":{"start":{"line":61,"column":12},"end":{"line":61,"column":68}},"type":"binary-expr","locations":[{"start":{"line":61,"column":12},"end":{"line":61,"column":38}},{"start":{"line":61,"column":42},"end":{"line":61,"column":68}}],"line":61},"7":{"loc":{"start":{"line":66,"column":8},"end":{"line":73,"column":9}},"type":"if","locations":[{"start":{"line":66,"column":8},"end":{"line":73,"column":9}},{"start":{"line":66,"column":8},"end":{"line":73,"column":9}}],"line":66},"8":{"loc":{"start":{"line":66,"column":12},"end":{"line":66,"column":84}},"type":"binary-expr","locations":[{"start":{"line":66,"column":12},"end":{"line":66,"column":46}},{"start":{"line":66,"column":50},"end":{"line":66,"column":84}}],"line":66},"9":{"loc":{"start":{"line":70,"column":15},"end":{"line":73,"column":9}},"type":"if","locations":[{"start":{"line":70,"column":15},"end":{"line":73,"column":9}},{"start":{"line":70,"column":15},"end":{"line":73,"column":9}}],"line":70},"10":{"loc":{"start":{"line":70,"column":19},"end":{"line":70,"column":75}},"type":"binary-expr","locations":[{"start":{"line":70,"column":19},"end":{"line":70,"column":45}},{"start":{"line":70,"column":49},"end":{"line":70,"column":75}}],"line":70},"11":{"loc":{"start":{"line":85,"column":12},"end":{"line":87,"column":13}},"type":"if","locations":[{"start":{"line":85,"column":12},"end":{"line":87,"column":13}},{"start":{"line":85,"column":12},"end":{"line":87,"column":13}}],"line":85},"12":{"loc":{"start":{"line":88,"column":12},"end":{"line":90,"column":13}},"type":"if","locations":[{"start":{"line":88,"column":12},"end":{"line":90,"column":13}},{"start":{"line":88,"column":12},"end":{"line":90,"column":13}}],"line":88},"13":{"loc":{"start":{"line":91,"column":12},"end":{"line":93,"column":13}},"type":"if","locations":[{"start":{"line":91,"column":12},"end":{"line":93,"column":13}},{"start":{"line":91,"column":12},"end":{"line":93,"column":13}}],"line":91},"14":{"loc":{"start":{"line":96,"column":8},"end":{"line":99,"column":9}},"type":"if","locations":[{"start":{"line":96,"column":8},"end":{"line":99,"column":9}},{"start":{"line":96,"column":8},"end":{"line":99,"column":9}}],"line":96},"15":{"loc":{"start":{"line":125,"column":59},"end":{"line":125,"column":87}},"type":"cond-expr","locations":[{"start":{"line":125,"column":72},"end":{"line":125,"column":82}},{"start":{"line":125,"column":85},"end":{"line":125,"column":87}}],"line":125},"16":{"loc":{"start":{"line":136,"column":59},"end":{"line":136,"column":87}},"type":"cond-expr","locations":[{"start":{"line":136,"column":72},"end":{"line":136,"column":82}},{"start":{"line":136,"column":85},"end":{"line":136,"column":87}}],"line":136},"17":{"loc":{"start":{"line":140,"column":88},"end":{"line":140,"column":154}},"type":"cond-expr","locations":[{"start":{"line":140,"column":144},"end":{"line":140,"column":146}},{"start":{"line":140,"column":147},"end":{"line":140,"column":154}}],"line":140},"18":{"loc":{"start":{"line":140,"column":88},"end":{"line":140,"column":142}},"type":"binary-expr","locations":[{"start":{"line":140,"column":88},"end":{"line":140,"column":118}},{"start":{"line":140,"column":122},"end":{"line":140,"column":142}}],"line":140},"19":{"loc":{"start":{"line":141,"column":38},"end":{"line":141,"column":92}},"type":"binary-expr","locations":[{"start":{"line":141,"column":38},"end":{"line":141,"column":68}},{"start":{"line":141,"column":72},"end":{"line":141,"column":92}}],"line":141},"20":{"loc":{"start":{"line":146,"column":58},"end":{"line":146,"column":82}},"type":"cond-expr","locations":[{"start":{"line":146,"column":69},"end":{"line":146,"column":77}},{"start":{"line":146,"column":80},"end":{"line":146,"column":82}}],"line":146}},"s":{"0":0,"1":0,"2":0,"3":0,"4":0,"5":0,"6":0,"7":0,"8":0,"9":0,"10":0,"11":0,"12":0,"13":0,"14":0,"15":0,"16":0,"17":0,"18":0,"19":0,"20":0,"21":0,"22":0,"23":0,"24":0,"25":0,"26":0,"27":0,"28":0,"29":0,"30":0,"31":0,"32":0,"33":0,"34":0,"35":0,"36":0,"37":0,"38":0,"39":0,"40":0,"41":0,"42":0,"43":0,"44":0,"45":0,"46":0},"f":{"0":0,"1":0,"2":0,"3":0,"4":0,"5":0,"6":0,"7":0,"8":0},"b":{"0":[0,0],"1":[0,0],"2":[0,0],"3":[0,0],"4":[0,0],"5":[0,0],"6":[0,0],"7":[0,0],"8":[0,0],"9":[0,0],"10":[0,0],"11":[0,0],"12":[0,0],"13":[0,0],"14":[0,0],"15":[0,0],"16":[0,0],"17":[0,0],"18":[0,0],"19":[0,0],"20":[0,0]},"_coverageSchema":"43e27e138ebf9cfc5966b082cf9a028302ed4184","hash":"21b0651bbc266e50caf1140d7a18af17e33ef7ad"}
,"/Users/zjy/Desktop/RIDT/Product/src/static/Slider.js": {"path":"/Users/zjy/Desktop/RIDT/Product/src/static/Slider.js","statementMap":{"0":{"start":{"line":6,"column":18},"end":{"line":14,"column":2}},"1":{"start":{"line":17,"column":4},"end":{"line":17,"column":24}},"2":{"start":{"line":21,"column":20},"end":{"line":21,"column":31}},"3":{"start":{"line":22,"column":16},"end":{"line":22,"column":37}},"4":{"start":{"line":23,"column":18},"end":{"line":23,"column":59}},"5":{"start":{"line":24,"column":30},"end":{"line":24,"column":57}},"6":{"start":{"line":26,"column":25},"end":{"line":28,"column":5}},"7":{"start":{"line":27,"column":8},"end":{"line":27,"column":27}},"8":{"start":{"line":30,"column":4},"end":{"line":47,"column":6}}},"fnMap":{"0":{"name":"valuetext","decl":{"start":{"line":16,"column":9},"end":{"line":16,"column":18}},"loc":{"start":{"line":16,"column":26},"end":{"line":18,"column":1}},"line":16},"1":{"name":"RangeSlider","decl":{"start":{"line":20,"column":24},"end":{"line":20,"column":35}},"loc":{"start":{"line":20,"column":38},"end":{"line":48,"column":1}},"line":20},"2":{"name":"(anonymous_2)","decl":{"start":{"line":26,"column":25},"end":{"line":26,"column":26}},"loc":{"start":{"line":26,"column":46},"end":{"line":28,"column":5}},"line":26}},"branchMap":{},"s":{"0":1,"1":0,"2":0,"3":0,"4":0,"5":0,"6":0,"7":0,"8":0},"f":{"0":0,"1":0,"2":0},"b":{},"_coverageSchema":"43e27e138ebf9cfc5966b082cf9a028302ed4184","hash":"5e4274d6728f37dbfabaaa57107cc4c98b6480d5"}
,"/Users/zjy/Desktop/RIDT/Product/src/static/Sparkline.js": {"path":"/Users/zjy/Desktop/RIDT/Product/src/static/Sparkline.js","statementMap":{"0":{"start":{"line":5,"column":0},"end":{"line":17,"column":2}},"1":{"start":{"line":19,"column":22},"end":{"line":19,"column":118}},"2":{"start":{"line":23,"column":20},"end":{"line":23,"column":31}},"3":{"start":{"line":24,"column":27},"end":{"line":24,"column":39}},"4":{"start":{"line":27,"column":8},"end":{"line":35,"column":9}},"5":{"start":{"line":29,"column":12},"end":{"line":29,"column":67}},"6":{"start":{"line":30,"column":12},"end":{"line":30,"column":30}},"7":{"start":{"line":32,"column":12},"end":{"line":32,"column":49}},"8":{"start":{"line":33,"column":12},"end":{"line":33,"column":53}},"9":{"start":{"line":34,"column":12},"end":{"line":34,"column":48}},"10":{"start":{"line":37,"column":8},"end":{"line":37,"column":21}},"11":{"start":{"line":42,"column":8},"end":{"line":42,"column":21}},"12":{"start":{"line":44,"column":8},"end":{"line":244,"column":9}},"13":{"start":{"line":233,"column":32},"end":{"line":233,"column":41}},"14":{"start":{"line":248,"column":8},"end":{"line":342,"column":10}}},"fnMap":{"0":{"name":"(anonymous_0)","decl":{"start":{"line":22,"column":4},"end":{"line":22,"column":5}},"loc":{"start":{"line":22,"column":24},"end":{"line":38,"column":5}},"line":22},"1":{"name":"(anonymous_1)","decl":{"start":{"line":40,"column":4},"end":{"line":40,"column":5}},"loc":{"start":{"line":40,"column":23},"end":{"line":245,"column":5}},"line":40},"2":{"name":"(anonymous_2)","decl":{"start":{"line":232,"column":39},"end":{"line":232,"column":40}},"loc":{"start":{"line":232,"column":61},"end":{"line":234,"column":29}},"line":232},"3":{"name":"(anonymous_3)","decl":{"start":{"line":247,"column":4},"end":{"line":247,"column":5}},"loc":{"start":{"line":247,"column":13},"end":{"line":343,"column":5}},"line":247}},"branchMap":{},"s":{"0":1,"1":1,"2":7,"3":7,"4":7,"5":168,"6":168,"7":168,"8":168,"9":168,"10":7,"11":2,"12":2,"13":0,"14":2},"f":{"0":7,"1":2,"2":0,"3":2},"b":{},"_coverageSchema":"43e27e138ebf9cfc5966b082cf9a028302ed4184","hash":"a7a1a1f8eb6b738b2152af4e0194a8d7134d77a0"}
,"/Users/zjy/Desktop/RIDT/Product/src/static/View.js": {"path":"/Users/zjy/Desktop/RIDT/Product/src/static/View.js","statementMap":{"0":{"start":{"line":9,"column":8},"end":{"line":9,"column":21}},"1":{"start":{"line":10,"column":8},"end":{"line":10,"column":24}},"2":{"start":{"line":17,"column":26},"end":{"line":26,"column":9}},"3":{"start":{"line":28,"column":22},"end":{"line":51,"column":18}},"4":{"start":{"line":29,"column":12},"end":{"line":51,"column":18}},"5":{"start":{"line":34,"column":28},"end":{"line":49,"column":34}},"6":{"start":{"line":56,"column":8},"end":{"line":67,"column":10}}},"fnMap":{"0":{"name":"(anonymous_0)","decl":{"start":{"line":8,"column":4},"end":{"line":8,"column":5}},"loc":{"start":{"line":8,"column":23},"end":{"line":13,"column":5}},"line":8},"1":{"name":"(anonymous_1)","decl":{"start":{"line":15,"column":4},"end":{"line":15,"column":5}},"loc":{"start":{"line":15,"column":13},"end":{"line":68,"column":5}},"line":15},"2":{"name":"(anonymous_2)","decl":{"start":{"line":28,"column":22},"end":{"line":28,"column":23}},"loc":{"start":{"line":29,"column":12},"end":{"line":51,"column":18}},"line":29},"3":{"name":"(anonymous_3)","decl":{"start":{"line":32,"column":29},"end":{"line":32,"column":30}},"loc":{"start":{"line":34,"column":28},"end":{"line":49,"column":34}},"line":34}},"branchMap":{},"s":{"0":1,"1":1,"2":1,"3":1,"4":1,"5":8,"6":1},"f":{"0":1,"1":1,"2":1,"3":8},"b":{},"_coverageSchema":"43e27e138ebf9cfc5966b082cf9a028302ed4184","hash":"99e314718b73414405abd275c8415c6878953728"}
,"/Users/zjy/Desktop/RIDT/Product/src/static/WordCloud.js": {"path":"/Users/zjy/Desktop/RIDT/Product/src/static/WordCloud.js","statementMap":{"0":{"start":{"line":8,"column":8},"end":{"line":8,"column":21}},"1":{"start":{"line":9,"column":8},"end":{"line":9,"column":24}},"2":{"start":{"line":13,"column":8},"end":{"line":18,"column":10}}},"fnMap":{"0":{"name":"(anonymous_0)","decl":{"start":{"line":7,"column":4},"end":{"line":7,"column":5}},"loc":{"start":{"line":7,"column":23},"end":{"line":11,"column":5}},"line":7},"1":{"name":"(anonymous_1)","decl":{"start":{"line":12,"column":4},"end":{"line":12,"column":5}},"loc":{"start":{"line":12,"column":13},"end":{"line":19,"column":5}},"line":12}},"branchMap":{},"s":{"0":1,"1":1,"2":1},"f":{"0":1,"1":1},"b":{},"_coverageSchema":"43e27e138ebf9cfc5966b082cf9a028302ed4184","hash":"ba18e8450c1711f5e98318fae875cfdedbf3ee0d"}
}
