TN:
SF:/Users/zjy/Desktop/RIDT/Product/src/App.js
FN:11,(anonymous_0)
FN:22,(anonymous_1)
FNF:2
FNH:2
FNDA:1,(anonymous_0)
FNDA:1,(anonymous_1)
DA:12,1
DA:14,1
DA:25,1
LF:3
LH:3
BRF:0
BRH:0
end_of_record
TN:
SF:/Users/zjy/Desktop/RIDT/Product/src/static/Dashboard.js
FN:11,(anonymous_0)
FN:17,(anonymous_1)
FN:22,(anonymous_2)
FN:27,(anonymous_3)
FN:32,(anonymous_4)
FN:36,(anonymous_5)
FNF:6
FNH:0
FNDA:0,(anonymous_0)
FNDA:0,(anonymous_1)
FNDA:0,(anonymous_2)
FNDA:0,(anonymous_3)
FNDA:0,(anonymous_4)
FNDA:0,(anonymous_5)
DA:12,0
DA:13,0
DA:14,0
DA:18,0
DA:19,0
DA:23,0
DA:24,0
DA:28,0
DA:29,0
DA:33,0
DA:37,0
LF:11
LH:0
BRDA:49,0,0,0
BRDA:49,0,1,0
BRDA:55,1,0,0
BRDA:55,1,1,0
BRDA:61,2,0,0
BRDA:61,2,1,0
BRDA:73,3,0,0
BRDA:73,3,1,0
BRDA:75,4,0,0
BRDA:75,4,1,0
BRDA:77,5,0,0
BRDA:77,5,1,0
BRF:12
BRH:0
end_of_record
TN:
SF:/Users/zjy/Desktop/RIDT/Product/src/static/LineChart.js
FN:8,(anonymous_0)
FN:111,(anonymous_1)
FN:125,(anonymous_2)
FNF:3
FNH:3
FNDA:2,(anonymous_0)
FNDA:3,(anonymous_1)
FNDA:2,(anonymous_2)
DA:9,2
DA:11,2
DA:112,3
DA:113,3
DA:114,3
DA:115,144
DA:116,144
DA:117,144
DA:118,144
DA:119,144
DA:122,3
DA:126,2
LF:12
LH:12
BRF:0
BRH:0
end_of_record
TN:
SF:/Users/zjy/Desktop/RIDT/Product/src/static/Login.js
FN:11,(anonymous_0)
FN:20,(anonymous_1)
FN:21,(anonymous_2)
FN:24,(anonymous_3)
FN:25,(anonymous_4)
FN:36,(anonymous_5)
FN:47,(anonymous_6)
FN:59,(anonymous_7)
FN:77,(anonymous_8)
FNF:9
FNH:0
FNDA:0,(anonymous_0)
FNDA:0,(anonymous_1)
FNDA:0,(anonymous_2)
FNDA:0,(anonymous_3)
FNDA:0,(anonymous_4)
FNDA:0,(anonymous_5)
FNDA:0,(anonymous_6)
FNDA:0,(anonymous_7)
FNDA:0,(anonymous_8)
DA:13,0
DA:14,0
DA:21,0
DA:25,0
DA:26,0
DA:27,0
DA:28,0
DA:29,0
DA:32,0
DA:37,0
DA:38,0
DA:39,0
DA:41,0
DA:42,0
DA:43,0
DA:48,0
DA:49,0
DA:50,0
DA:51,0
DA:52,0
DA:53,0
DA:61,0
DA:62,0
DA:63,0
DA:64,0
DA:66,0
DA:67,0
DA:68,0
DA:69,0
DA:70,0
DA:71,0
DA:72,0
DA:79,0
DA:80,0
DA:81,0
DA:83,0
DA:85,0
DA:86,0
DA:88,0
DA:89,0
DA:91,0
DA:92,0
DA:96,0
DA:97,0
DA:98,0
DA:101,0
LF:46
LH:0
BRDA:28,0,0,0
BRDA:28,0,1,0
BRDA:41,1,0,0
BRDA:41,1,1,0
BRDA:41,2,0,0
BRDA:41,2,1,0
BRDA:51,3,0,0
BRDA:51,3,1,0
BRDA:51,4,0,0
BRDA:51,4,1,0
BRDA:61,5,0,0
BRDA:61,5,1,0
BRDA:61,6,0,0
BRDA:61,6,1,0
BRDA:66,7,0,0
BRDA:66,7,1,0
BRDA:66,8,0,0
BRDA:66,8,1,0
BRDA:70,9,0,0
BRDA:70,9,1,0
BRDA:70,10,0,0
BRDA:70,10,1,0
BRDA:85,11,0,0
BRDA:85,11,1,0
BRDA:88,12,0,0
BRDA:88,12,1,0
BRDA:91,13,0,0
BRDA:91,13,1,0
BRDA:96,14,0,0
BRDA:96,14,1,0
BRDA:125,15,0,0
BRDA:125,15,1,0
BRDA:136,16,0,0
BRDA:136,16,1,0
BRDA:140,17,0,0
BRDA:140,17,1,0
BRDA:140,18,0,0
BRDA:140,18,1,0
BRDA:141,19,0,0
BRDA:141,19,1,0
BRDA:146,20,0,0
BRDA:146,20,1,0
BRF:42
BRH:0
end_of_record
TN:
SF:/Users/zjy/Desktop/RIDT/Product/src/static/Slider.js
FN:16,valuetext
FN:20,RangeSlider
FN:26,(anonymous_2)
FNF:3
FNH:0
FNDA:0,valuetext
FNDA:0,RangeSlider
FNDA:0,(anonymous_2)
DA:6,1
DA:17,0
DA:21,0
DA:22,0
DA:23,0
DA:24,0
DA:26,0
DA:27,0
DA:30,0
LF:9
LH:1
BRF:0
BRH:0
end_of_record
TN:
SF:/Users/zjy/Desktop/RIDT/Product/src/static/Sparkline.js
FN:22,(anonymous_0)
FN:40,(anonymous_1)
FN:232,(anonymous_2)
FN:247,(anonymous_3)
FNF:4
FNH:3
FNDA:7,(anonymous_0)
FNDA:2,(anonymous_1)
FNDA:0,(anonymous_2)
FNDA:2,(anonymous_3)
DA:5,1
DA:19,1
DA:23,7
DA:24,7
DA:27,7
DA:29,168
DA:30,168
DA:32,168
DA:33,168
DA:34,168
DA:37,7
DA:42,2
DA:44,2
DA:233,0
DA:248,2
LF:15
LH:14
BRF:0
BRH:0
end_of_record
TN:
SF:/Users/zjy/Desktop/RIDT/Product/src/static/View.js
FN:8,(anonymous_0)
FN:15,(anonymous_1)
FN:28,(anonymous_2)
FN:32,(anonymous_3)
FNF:4
FNH:4
FNDA:1,(anonymous_0)
FNDA:1,(anonymous_1)
FNDA:1,(anonymous_2)
FNDA:8,(anonymous_3)
DA:9,1
DA:10,1
DA:17,1
DA:28,1
DA:29,1
DA:34,8
DA:56,1
LF:7
LH:7
BRF:0
BRH:0
end_of_record
TN:
SF:/Users/zjy/Desktop/RIDT/Product/src/static/WordCloud.js
FN:7,(anonymous_0)
FN:12,(anonymous_1)
FNF:2
FNH:2
FNDA:1,(anonymous_0)
FNDA:1,(anonymous_1)
DA:8,1
DA:9,1
DA:13,1
LF:3
LH:3
BRF:0
BRH:0
end_of_record
